<?xml version="1.0" encoding="UTF-8"?>
<!-- Generated by org.testng.reporters.JUnitXMLReporter -->
<testsuite ignored="0" hostname="DESKTOP-DBFC2AB" failures="0" tests="6" name="Default test" time="73.087" errors="0" timestamp="2024-08-18T23:09:11 IST">
  <testcase classname="com.swaglabs.testcases.LoginTest" name="loginTest" time="0.7"/>
  <testcase classname="com.swaglabs.testcases.LoginTest" name="loginTest" time="0.524"/>
  <testcase classname="com.swaglabs.testcases.LoginTest" name="loginTest" time="5.459"/>
  <testcase classname="com.swaglabs.testcases.LoginTest" name="loginTest" time="0.443"/>
  <testcase classname="com.swaglabs.testcases.LoginTest" name="loginTest" time="30.298"/>
  <testcase classname="com.swaglabs.testcases.LoginTest" name="loginTest" time="30.376"/>
</testsuite> <!-- Default test -->
