<?xml version="1.0" encoding="UTF-8"?>
<testng-results ignored="0" total="1" passed="1" failed="0" skipped="0">
  <reporter-output>
  </reporter-output>
  <suite started-at="2024-08-15T01:27:16 IST" name="Default suite" finished-at="2024-08-15T01:27:16 IST" duration-ms="91">
    <groups>
    </groups>
    <test started-at="2024-08-15T01:27:16 IST" name="Default test" finished-at="2024-08-15T01:27:16 IST" duration-ms="91">
      <class name="com.swaglabs.testcases.Testcase">
        <test-method signature="testcheck()[pri:0, instance:com.swaglabs.testcases.Testcase@33065d67]" started-at="2024-08-15T01:27:16 IST" name="testcheck" finished-at="2024-08-15T01:27:16 IST" duration-ms="16" status="PASS">
          <reporter-output>
          </reporter-output>
        </test-method> <!-- testcheck -->
      </class> <!-- com.swaglabs.testcases.Testcase -->
    </test> <!-- Default test -->
  </suite> <!-- Default suite -->
</testng-results>
