<?xml version="1.0" encoding="UTF-8"?>
<testng-results ignored="0" total="1" passed="1" failed="0" skipped="0">
  <reporter-output>
  </reporter-output>
  <suite started-at="2024-08-15T19:08:55 IST" name="Default suite" finished-at="2024-08-15T19:09:04 IST" duration-ms="9129">
    <groups>
    </groups>
    <test started-at="2024-08-15T19:08:55 IST" name="Default test" finished-at="2024-08-15T19:09:04 IST" duration-ms="9129">
      <class name="com.swaglabs.testcases.Testcase">
        <test-method is-config="true" signature="setup()[pri:0, instance:com.swaglabs.testcases.Testcase@303cf2ba]" started-at="2024-08-15T19:08:55 IST" name="setup" finished-at="2024-08-15T19:09:01 IST" duration-ms="6281" status="PASS">
          <reporter-output>
          </reporter-output>
        </test-method> <!-- setup -->
        <test-method signature="testcheck()[pri:0, instance:com.swaglabs.testcases.Testcase@303cf2ba]" started-at="2024-08-15T19:09:01 IST" name="testcheck" finished-at="2024-08-15T19:09:04 IST" duration-ms="2452" status="PASS">
          <reporter-output>
          </reporter-output>
        </test-method> <!-- testcheck -->
        <test-method is-config="true" signature="tearDown()[pri:0, instance:com.swaglabs.testcases.Testcase@303cf2ba]" started-at="2024-08-15T19:09:04 IST" name="tearDown" finished-at="2024-08-15T19:09:04 IST" duration-ms="323" status="PASS">
          <reporter-output>
          </reporter-output>
        </test-method> <!-- tearDown -->
      </class> <!-- com.swaglabs.testcases.Testcase -->
    </test> <!-- Default test -->
  </suite> <!-- Default suite -->
</testng-results>
