<?xml version="1.0" encoding="UTF-8"?>
<testng-results ignored="0" total="6" passed="6" failed="0" skipped="0">
  <reporter-output>
  </reporter-output>
  <suite started-at="2024-08-18T23:07:58 IST" name="Default suite" finished-at="2024-08-18T23:09:11 IST" duration-ms="73087">
    <groups>
    </groups>
    <test started-at="2024-08-18T23:07:58 IST" name="Default test" finished-at="2024-08-18T23:09:11 IST" duration-ms="73087">
      <class name="com.swaglabs.testcases.LoginTest">
        <test-method is-config="true" signature="setup()[pri:0, instance:com.swaglabs.testcases.LoginTest@6be968ce]" started-at="2024-08-18T23:07:58 IST" name="setup" finished-at="2024-08-18T23:08:03 IST" duration-ms="4858" status="PASS">
          <reporter-output>
          </reporter-output>
        </test-method> <!-- setup -->
        <test-method signature="loginTest(java.lang.String,java.lang.String)[pri:0, instance:com.swaglabs.testcases.LoginTest@6be968ce]" started-at="2024-08-18T23:08:03 IST" name="loginTest" data-provider="loginData" finished-at="2024-08-18T23:08:03 IST" duration-ms="700" status="PASS">
          <params>
            <param index="0">
              <value>
                <![CDATA[standard_user]]>
              </value>
            </param>
            <param index="1">
              <value>
                <![CDATA[secret_sauce]]>
              </value>
            </param>
          </params>
          <reporter-output>
          </reporter-output>
        </test-method> <!-- loginTest -->
        <test-method signature="loginTest(java.lang.String,java.lang.String)[pri:0, instance:com.swaglabs.testcases.LoginTest@6be968ce]" started-at="2024-08-18T23:08:03 IST" name="loginTest" data-provider="loginData" finished-at="2024-08-18T23:08:04 IST" duration-ms="524" status="PASS">
          <params>
            <param index="0">
              <value>
                <![CDATA[problem_user]]>
              </value>
            </param>
            <param index="1">
              <value>
                <![CDATA[secret_sauce]]>
              </value>
            </param>
          </params>
          <reporter-output>
          </reporter-output>
        </test-method> <!-- loginTest -->
        <test-method signature="loginTest(java.lang.String,java.lang.String)[pri:0, instance:com.swaglabs.testcases.LoginTest@6be968ce]" started-at="2024-08-18T23:08:04 IST" name="loginTest" data-provider="loginData" finished-at="2024-08-18T23:08:09 IST" duration-ms="5459" status="PASS">
          <params>
            <param index="0">
              <value>
                <![CDATA[performance_glitch_user]]>
              </value>
            </param>
            <param index="1">
              <value>
                <![CDATA[secret_sauce]]>
              </value>
            </param>
          </params>
          <reporter-output>
          </reporter-output>
        </test-method> <!-- loginTest -->
        <test-method signature="loginTest(java.lang.String,java.lang.String)[pri:0, instance:com.swaglabs.testcases.LoginTest@6be968ce]" started-at="2024-08-18T23:08:09 IST" name="loginTest" data-provider="loginData" finished-at="2024-08-18T23:08:10 IST" duration-ms="443" status="PASS">
          <params>
            <param index="0">
              <value>
                <![CDATA[visual_user]]>
              </value>
            </param>
            <param index="1">
              <value>
                <![CDATA[secret_sauce]]>
              </value>
            </param>
          </params>
          <reporter-output>
          </reporter-output>
        </test-method> <!-- loginTest -->
        <test-method signature="loginTest(java.lang.String,java.lang.String)[pri:0, instance:com.swaglabs.testcases.LoginTest@6be968ce]" started-at="2024-08-18T23:08:10 IST" name="loginTest" data-provider="loginData" finished-at="2024-08-18T23:08:40 IST" duration-ms="30298" status="PASS">
          <params>
            <param index="0">
              <value>
                <![CDATA[locked_out_user]]>
              </value>
            </param>
            <param index="1">
              <value>
                <![CDATA[secret_sauce]]>
              </value>
            </param>
          </params>
          <reporter-output>
          </reporter-output>
        </test-method> <!-- loginTest -->
        <test-method signature="loginTest(java.lang.String,java.lang.String)[pri:0, instance:com.swaglabs.testcases.LoginTest@6be968ce]" started-at="2024-08-18T23:08:40 IST" name="loginTest" data-provider="loginData" finished-at="2024-08-18T23:09:10 IST" duration-ms="30376" status="PASS">
          <params>
            <param index="0">
              <value>
                <![CDATA[error_user]]>
              </value>
            </param>
            <param index="1">
              <value>
                <![CDATA[secret_sauce]]>
              </value>
            </param>
          </params>
          <reporter-output>
          </reporter-output>
        </test-method> <!-- loginTest -->
        <test-method is-config="true" signature="tearDown()[pri:0, instance:com.swaglabs.testcases.LoginTest@6be968ce]" started-at="2024-08-18T23:09:10 IST" name="tearDown" finished-at="2024-08-18T23:09:11 IST" duration-ms="330" status="PASS">
          <reporter-output>
          </reporter-output>
        </test-method> <!-- tearDown -->
      </class> <!-- com.swaglabs.testcases.LoginTest -->
    </test> <!-- Default test -->
  </suite> <!-- Default suite -->
</testng-results>
